<?xml version="1.0" encoding="UTF-8"?>
<!-- Generated by org.testng.reporters.JUnitXMLReporter -->
<testsuite ignored="0" hostname="fc93af7e-a093-459e-bc6f-cfe0dca8333d-vaas-sdk-pod" failures="0" tests="26" name="Surefire test" time="1.054" errors="0" timestamp="2026-06-11T09:51:40 UTC">
  <testcase classname="com.ibm.cloud.secrets_manager_sdk_instance_management.secrets_manager_instance_management.v2.SecretsManagerInstanceManagementTest" name="testConstructServiceURLWithInvalidVariable" time="0.004"/>
  <testcase classname="com.ibm.cloud.secrets_manager_sdk_instance_management.secrets_manager_instance_management.v2.SecretsManagerInstanceManagementTest" name="testConstructServiceURLwithDefaultValues" time="0.003"/>
  <testcase classname="com.ibm.cloud.secrets_manager_sdk_instance_management.secrets_manager_instance_management.v2.SecretsManagerInstanceManagementTest" name="testConstructorWithNullAuthenticator" time="0.0"/>
  <testcase classname="com.ibm.cloud.secrets_manager_sdk_instance_management.secrets_manager_instance_management.v2.SecretsManagerInstanceManagementTest" name="testCreateVaultAdmintokenNoOptions" time="0.004"/>
  <testcase classname="com.ibm.cloud.secrets_manager_sdk_instance_management.secrets_manager_instance_management.v2.SecretsManagerInstanceManagementTest" name="testCreateVaultAdmintokenWOptions" time="0.248"/>
  <testcase classname="com.ibm.cloud.secrets_manager_sdk_instance_management.secrets_manager_instance_management.v2.SecretsManagerInstanceManagementTest" name="testCreateVaultAdmintokenWRetries" time="0.06"/>
  <testcase classname="com.ibm.cloud.secrets_manager_sdk_instance_management.secrets_manager_instance_management.v2.SecretsManagerInstanceManagementTest" name="testDeleteInstanceAdmintokensNoOptions" time="0.001"/>
  <testcase classname="com.ibm.cloud.secrets_manager_sdk_instance_management.secrets_manager_instance_management.v2.SecretsManagerInstanceManagementTest" name="testDeleteInstanceAdmintokensWOptions" time="0.01"/>
  <testcase classname="com.ibm.cloud.secrets_manager_sdk_instance_management.secrets_manager_instance_management.v2.SecretsManagerInstanceManagementTest" name="testDeleteInstanceAdmintokensWRetries" time="0.007"/>
  <testcase classname="com.ibm.cloud.secrets_manager_sdk_instance_management.secrets_manager_instance_management.v2.SecretsManagerInstanceManagementTest" name="testGetInstanceNoOptions" time="0.0"/>
  <testcase classname="com.ibm.cloud.secrets_manager_sdk_instance_management.secrets_manager_instance_management.v2.SecretsManagerInstanceManagementTest" name="testGetInstanceWOptions" time="0.02"/>
  <testcase classname="com.ibm.cloud.secrets_manager_sdk_instance_management.secrets_manager_instance_management.v2.SecretsManagerInstanceManagementTest" name="testGetInstanceWRetries" time="0.049"/>
  <testcase classname="com.ibm.cloud.secrets_manager_sdk_instance_management.secrets_manager_instance_management.v2.model.InstanceTest" name="testInstance" time="0.001"/>
  <testcase classname="com.ibm.cloud.secrets_manager_sdk_instance_management.secrets_manager_instance_management.v2.model.VaultDedicatedInstanceEndpointsTest" name="testVaultDedicatedInstanceEndpoints" time="0.001"/>
  <testcase classname="com.ibm.cloud.secrets_manager_sdk_instance_management.secrets_manager_instance_management.v2.model.GetInstanceOptionsTest" name="testGetInstanceOptions" time="0.0"/>
  <testcase classname="com.ibm.cloud.secrets_manager_sdk_instance_management.secrets_manager_instance_management.v2.model.GetInstanceOptionsTest" name="testGetInstanceOptionsError" time="0.0"/>
  <testcase classname="com.ibm.cloud.secrets_manager_sdk_instance_management.secrets_manager_instance_management.v2.model.VaultDedicatedEndpointsDataTest" name="testVaultDedicatedEndpointsData" time="0.0"/>
  <testcase classname="com.ibm.cloud.secrets_manager_sdk_instance_management.secrets_manager_instance_management.v2.model.VaultDedicatedInstanceEncryptionTest" name="testVaultDedicatedInstanceEncryption" time="0.0"/>
  <testcase classname="com.ibm.cloud.secrets_manager_sdk_instance_management.secrets_manager_instance_management.v2.model.VaultDedicatedInstanceMetadataTest" name="testVaultDedicatedInstanceMetadata" time="0.0"/>
  <testcase classname="com.ibm.cloud.secrets_manager_sdk_instance_management.secrets_manager_instance_management.v2.model.VaultDedicatedInstancePlanTest" name="testVaultDedicatedInstancePlan" time="0.001"/>
  <testcase classname="com.ibm.cloud.secrets_manager_sdk_instance_management.secrets_manager_instance_management.v2.model.DeleteInstanceAdmintokensOptionsTest" name="testDeleteInstanceAdmintokensOptions" time="0.001"/>
  <testcase classname="com.ibm.cloud.secrets_manager_sdk_instance_management.secrets_manager_instance_management.v2.model.DeleteInstanceAdmintokensOptionsTest" name="testDeleteInstanceAdmintokensOptionsError" time="0.0"/>
  <testcase classname="com.ibm.cloud.secrets_manager_sdk_instance_management.secrets_manager_instance_management.v2.model.TokenTest" name="testToken" time="0.0"/>
  <testcase classname="com.ibm.cloud.secrets_manager_sdk_instance_management.secrets_manager_instance_management.v2.model.VaultDedicatedClusterTest" name="testVaultDedicatedCluster" time="0.005"/>
  <testcase classname="com.ibm.cloud.secrets_manager_sdk_instance_management.secrets_manager_instance_management.v2.model.CreateVaultAdmintokenOptionsTest" name="testCreateVaultAdmintokenOptions" time="0.001"/>
  <testcase classname="com.ibm.cloud.secrets_manager_sdk_instance_management.secrets_manager_instance_management.v2.model.CreateVaultAdmintokenOptionsTest" name="testCreateVaultAdmintokenOptionsError" time="0.001"/>
</testsuite> <!-- Surefire test -->
