<?xml version="1.0" encoding="UTF-8"?>
<!-- Generated by org.testng.reporters.JUnitXMLReporter -->
<testsuite ignored="0" hostname="6ced5d58-6f53-49de-b64f-165466855eed-vaas-sdk-pod" failures="0" tests="3" name="Surefire test" time="3.981" errors="0" timestamp="2026-06-11T10:16:51 UTC">
  <testcase classname="com.ibm.cloud.secrets_manager_sdk_instance_management.secrets_manager_instance_management.v2.SecretsManagerInstanceManagementIT" name="testCreateVaultAdmintoken" time="2.712"/>
  <testcase classname="com.ibm.cloud.secrets_manager_sdk_instance_management.secrets_manager_instance_management.v2.SecretsManagerInstanceManagementIT" name="testGetInstance" time="0.647"/>
  <testcase classname="com.ibm.cloud.secrets_manager_sdk_instance_management.secrets_manager_instance_management.v2.SecretsManagerInstanceManagementIT" name="testDeleteInstanceAdmintokens" time="0.288"/>
</testsuite> <!-- Surefire test -->
