<?xml version="1.0" encoding="UTF-8"?>
<!-- Generated by org.testng.reporters.JUnitXMLReporter -->
<testsuite ignored="0" hostname="fc93af7e-a093-459e-bc6f-cfe0dca8333d-vaas-sdk-pod" failures="0" tests="3" name="Surefire test" time="0.093" errors="0" timestamp="2026-06-11T09:51:43 UTC">
  <testcase classname="com.ibm.cloud.secrets_manager_sdk_instance_management.secrets_manager_instance_management.v2.SecretsManagerInstanceManagementIT" name="@BeforeClass constructService" time="0.012">
    <skipped/>
  </testcase> <!-- @BeforeClass constructService -->
  <testcase classname="com.ibm.cloud.secrets_manager_sdk_instance_management.secrets_manager_instance_management.v2.SecretsManagerInstanceManagementIT" name="@AfterClass tearDown" time="0.0">
    <skipped/>
  </testcase> <!-- @AfterClass tearDown -->
  <testcase classname="com.ibm.cloud.secrets_manager_sdk_instance_management.secrets_manager_instance_management.v2.SecretsManagerInstanceManagementIT" name="testCreateVaultAdmintoken" time="0.0">
    <skipped/>
  </testcase> <!-- testCreateVaultAdmintoken -->
  <testcase classname="com.ibm.cloud.secrets_manager_sdk_instance_management.secrets_manager_instance_management.v2.SecretsManagerInstanceManagementIT" name="testGetInstance" time="0.0">
    <skipped/>
  </testcase> <!-- testGetInstance -->
  <testcase classname="com.ibm.cloud.secrets_manager_sdk_instance_management.secrets_manager_instance_management.v2.SecretsManagerInstanceManagementIT" name="testDeleteInstanceAdmintokens" time="0.0">
    <skipped/>
  </testcase> <!-- testDeleteInstanceAdmintokens -->
</testsuite> <!-- Surefire test -->
