<?xml version="1.0" encoding="UTF-8"?>
<!-- Generated by org.testng.reporters.JUnitReportReporter -->
<testsuite hostname="fc93af7e-a093-459e-bc6f-cfe0dca8333d-vaas-sdk-pod" failures="0" tests="3" name="com.ibm.cloud.secrets_manager_sdk_instance_management.secrets_manager_instance_management.v2.SecretsManagerInstanceManagementIT" time="0.000" errors="0" timestamp="2026-06-11T09:51:43 UTC" skipped="3">
  <testcase classname="com.ibm.cloud.secrets_manager_sdk_instance_management.secrets_manager_instance_management.v2.SecretsManagerInstanceManagementIT" name="testDeleteInstanceAdmintokens" time="0.000">
    <skipped/>
  </testcase> <!-- testDeleteInstanceAdmintokens -->
  <testcase classname="com.ibm.cloud.secrets_manager_sdk_instance_management.secrets_manager_instance_management.v2.SecretsManagerInstanceManagementIT" name="testGetInstance" time="0.000">
    <skipped/>
  </testcase> <!-- testGetInstance -->
  <testcase classname="com.ibm.cloud.secrets_manager_sdk_instance_management.secrets_manager_instance_management.v2.SecretsManagerInstanceManagementIT" name="testCreateVaultAdmintoken" time="0.000">
    <skipped/>
  </testcase> <!-- testCreateVaultAdmintoken -->
</testsuite> <!-- com.ibm.cloud.secrets_manager_sdk_instance_management.secrets_manager_instance_management.v2.SecretsManagerInstanceManagementIT -->
