<?xml version="1.0" encoding="UTF-8"?>
<testsuite xmlns:xsi="http://www.w3.org/2001/XMLSchema-instance" xsi:noNamespaceSchemaLocation="https://maven.apache.org/surefire/maven-surefire-plugin/xsd/surefire-test-report.xsd" version="3.0.2" name="TestSuite" time="1.754" tests="26" errors="0" skipped="0" failures="0" flakes="0">
  <properties>
[...]
</properties>
  <testcase name="testConstructServiceURLWithInvalidVariable" classname="com.ibm.cloud.secrets_manager_sdk_instance_management.secrets_manager_instance_management.v2.SecretsManagerInstanceManagementTest" time="0.006"/>
  <testcase name="testConstructServiceURLwithDefaultValues" classname="com.ibm.cloud.secrets_manager_sdk_instance_management.secrets_manager_instance_management.v2.SecretsManagerInstanceManagementTest" time="0.003"/>
  <testcase name="testConstructorWithNullAuthenticator" classname="com.ibm.cloud.secrets_manager_sdk_instance_management.secrets_manager_instance_management.v2.SecretsManagerInstanceManagementTest" time="0.0"/>
  <testcase name="testCreateVaultAdmintokenNoOptions" classname="com.ibm.cloud.secrets_manager_sdk_instance_management.secrets_manager_instance_management.v2.SecretsManagerInstanceManagementTest" time="0.004"/>
  <testcase name="testCreateVaultAdmintokenWOptions" classname="com.ibm.cloud.secrets_manager_sdk_instance_management.secrets_manager_instance_management.v2.SecretsManagerInstanceManagementTest" time="0.198"/>
  <testcase name="testCreateVaultAdmintokenWRetries" classname="com.ibm.cloud.secrets_manager_sdk_instance_management.secrets_manager_instance_management.v2.SecretsManagerInstanceManagementTest" time="0.059"/>
  <testcase name="testDeleteInstanceAdmintokensNoOptions" classname="com.ibm.cloud.secrets_manager_sdk_instance_management.secrets_manager_instance_management.v2.SecretsManagerInstanceManagementTest" time="0.0"/>
  <testcase name="testDeleteInstanceAdmintokensWOptions" classname="com.ibm.cloud.secrets_manager_sdk_instance_management.secrets_manager_instance_management.v2.SecretsManagerInstanceManagementTest" time="0.008"/>
  <testcase name="testDeleteInstanceAdmintokensWRetries" classname="com.ibm.cloud.secrets_manager_sdk_instance_management.secrets_manager_instance_management.v2.SecretsManagerInstanceManagementTest" time="0.008"/>
  <testcase name="testGetInstanceNoOptions" classname="com.ibm.cloud.secrets_manager_sdk_instance_management.secrets_manager_instance_management.v2.SecretsManagerInstanceManagementTest" time="0.0"/>
  <testcase name="testGetInstanceWOptions" classname="com.ibm.cloud.secrets_manager_sdk_instance_management.secrets_manager_instance_management.v2.SecretsManagerInstanceManagementTest" time="0.021"/>
  <testcase name="testGetInstanceWRetries" classname="com.ibm.cloud.secrets_manager_sdk_instance_management.secrets_manager_instance_management.v2.SecretsManagerInstanceManagementTest" time="0.054"/>
  <testcase name="testInstance" classname="com.ibm.cloud.secrets_manager_sdk_instance_management.secrets_manager_instance_management.v2.model.InstanceTest" time="0.001"/>
  <testcase name="testVaultDedicatedInstanceMetadata" classname="com.ibm.cloud.secrets_manager_sdk_instance_management.secrets_manager_instance_management.v2.model.VaultDedicatedInstanceMetadataTest" time="0.001"/>
  <testcase name="testToken" classname="com.ibm.cloud.secrets_manager_sdk_instance_management.secrets_manager_instance_management.v2.model.TokenTest" time="0.0"/>
  <testcase name="testVaultDedicatedEndpointsData" classname="com.ibm.cloud.secrets_manager_sdk_instance_management.secrets_manager_instance_management.v2.model.VaultDedicatedEndpointsDataTest" time="0.0"/>
  <testcase name="testDeleteInstanceAdmintokensOptions" classname="com.ibm.cloud.secrets_manager_sdk_instance_management.secrets_manager_instance_management.v2.model.DeleteInstanceAdmintokensOptionsTest" time="0.0"/>
  <testcase name="testDeleteInstanceAdmintokensOptionsError" classname="com.ibm.cloud.secrets_manager_sdk_instance_management.secrets_manager_instance_management.v2.model.DeleteInstanceAdmintokensOptionsTest" time="0.001"/>
  <testcase name="testVaultDedicatedInstanceEncryption" classname="com.ibm.cloud.secrets_manager_sdk_instance_management.secrets_manager_instance_management.v2.model.VaultDedicatedInstanceEncryptionTest" time="0.001"/>
  <testcase name="testVaultDedicatedInstancePlan" classname="com.ibm.cloud.secrets_manager_sdk_instance_management.secrets_manager_instance_management.v2.model.VaultDedicatedInstancePlanTest" time="0.001"/>
  <testcase name="testVaultDedicatedCluster" classname="com.ibm.cloud.secrets_manager_sdk_instance_management.secrets_manager_instance_management.v2.model.VaultDedicatedClusterTest" time="0.003"/>
  <testcase name="testVaultDedicatedInstanceEndpoints" classname="com.ibm.cloud.secrets_manager_sdk_instance_management.secrets_manager_instance_management.v2.model.VaultDedicatedInstanceEndpointsTest" time="0.0"/>
  <testcase name="testGetInstanceOptions" classname="com.ibm.cloud.secrets_manager_sdk_instance_management.secrets_manager_instance_management.v2.model.GetInstanceOptionsTest" time="0.0"/>
  <testcase name="testGetInstanceOptionsError" classname="com.ibm.cloud.secrets_manager_sdk_instance_management.secrets_manager_instance_management.v2.model.GetInstanceOptionsTest" time="0.0"/>
  <testcase name="testCreateVaultAdmintokenOptions" classname="com.ibm.cloud.secrets_manager_sdk_instance_management.secrets_manager_instance_management.v2.model.CreateVaultAdmintokenOptionsTest" time="0.0"/>
  <testcase name="testCreateVaultAdmintokenOptionsError" classname="com.ibm.cloud.secrets_manager_sdk_instance_management.secrets_manager_instance_management.v2.model.CreateVaultAdmintokenOptionsTest" time="0.0"/>
</testsuite>