-------------------------------------------------------------------------------
Test set: com.ibm.cloud.secrets_manager_sdk_instance_management.secrets_manager_instance_management.v2.SecretsManagerInstanceManagementIT
-------------------------------------------------------------------------------
Tests run: 5, Failures: 0, Errors: 0, Skipped: 5, Time elapsed: 0.959 s -- in com.ibm.cloud.secrets_manager_sdk_instance_management.secrets_manager_instance_management.v2.SecretsManagerInstanceManagementIT
