<?xml version="1.0" encoding="UTF-8"?>
<testng-results ignored="0" total="3" passed="3" failed="0" skipped="0">
  <reporter-output>
  </reporter-output>
  <suite started-at="2026-06-11T10:16:47 UTC" name="Surefire suite" finished-at="2026-06-11T10:16:51 UTC" duration-ms="3981">
    <groups>
    </groups>
    <test started-at="2026-06-11T10:16:47 UTC" name="Surefire test" finished-at="2026-06-11T10:16:51 UTC" duration-ms="3981">
      <class name="com.ibm.cloud.secrets_manager_sdk_instance_management.secrets_manager_instance_management.v2.SecretsManagerInstanceManagementIT">
        <test-method is-config="true" signature="constructService()[pri:0, instance:com.ibm.cloud.secrets_manager_sdk_instance_management.secrets_manager_instance_management.v2.SecretsManagerInstanceManagementIT@5af97850]" started-at="2026-06-11T10:16:47 UTC" name="constructService" finished-at="2026-06-11T10:16:47 UTC" duration-ms="271" status="PASS">
          <reporter-output>
          </reporter-output>
        </test-method> <!-- constructService -->
        <test-method signature="testCreateVaultAdmintoken()[pri:0, instance:com.ibm.cloud.secrets_manager_sdk_instance_management.secrets_manager_instance_management.v2.SecretsManagerInstanceManagementIT@5af97850]" started-at="2026-06-11T10:16:47 UTC" name="testCreateVaultAdmintoken" finished-at="2026-06-11T10:16:50 UTC" duration-ms="2712" status="PASS">
          <reporter-output>
          </reporter-output>
        </test-method> <!-- testCreateVaultAdmintoken -->
        <test-method signature="testGetInstance()[pri:0, instance:com.ibm.cloud.secrets_manager_sdk_instance_management.secrets_manager_instance_management.v2.SecretsManagerInstanceManagementIT@5af97850]" started-at="2026-06-11T10:16:50 UTC" name="testGetInstance" finished-at="2026-06-11T10:16:50 UTC" depends-on-methods="com.ibm.cloud.secrets_manager_sdk_instance_management.secrets_manager_instance_management.v2.SecretsManagerInstanceManagementIT.testCreateVaultAdmintoken" duration-ms="647" status="PASS">
          <reporter-output>
          </reporter-output>
        </test-method> <!-- testGetInstance -->
        <test-method signature="testDeleteInstanceAdmintokens()[pri:0, instance:com.ibm.cloud.secrets_manager_sdk_instance_management.secrets_manager_instance_management.v2.SecretsManagerInstanceManagementIT@5af97850]" started-at="2026-06-11T10:16:50 UTC" name="testDeleteInstanceAdmintokens" finished-at="2026-06-11T10:16:51 UTC" depends-on-methods="com.ibm.cloud.secrets_manager_sdk_instance_management.secrets_manager_instance_management.v2.SecretsManagerInstanceManagementIT.testGetInstance" duration-ms="288" status="PASS">
          <reporter-output>
          </reporter-output>
        </test-method> <!-- testDeleteInstanceAdmintokens -->
        <test-method is-config="true" signature="tearDown()[pri:0, instance:com.ibm.cloud.secrets_manager_sdk_instance_management.secrets_manager_instance_management.v2.SecretsManagerInstanceManagementIT@5af97850]" started-at="2026-06-11T10:16:51 UTC" name="tearDown" finished-at="2026-06-11T10:16:51 UTC" duration-ms="0" status="PASS">
          <reporter-output>
          </reporter-output>
        </test-method> <!-- tearDown -->
      </class> <!-- com.ibm.cloud.secrets_manager_sdk_instance_management.secrets_manager_instance_management.v2.SecretsManagerInstanceManagementIT -->
    </test> <!-- Surefire test -->
  </suite> <!-- Surefire suite -->
</testng-results>
