<?xml version="1.0" encoding="UTF-8"?>
<!-- Generated by org.testng.reporters.JUnitReportReporter -->
<testsuite hostname="fc93af7e-a093-459e-bc6f-cfe0dca8333d-vaas-sdk-pod" failures="0" tests="1" name="com.ibm.cloud.secrets_manager_sdk_instance_management.secrets_manager_instance_management.v2.model.VaultDedicatedInstanceEndpointsTest" time="0.001" errors="0" timestamp="2026-06-11T09:51:41 UTC" skipped="0">
  <testcase classname="com.ibm.cloud.secrets_manager_sdk_instance_management.secrets_manager_instance_management.v2.model.VaultDedicatedInstanceEndpointsTest" name="testVaultDedicatedInstanceEndpoints" time="0.001"/>
</testsuite> <!-- com.ibm.cloud.secrets_manager_sdk_instance_management.secrets_manager_instance_management.v2.model.VaultDedicatedInstanceEndpointsTest -->
