<?xml version="1.0" encoding="UTF-8"?>
<!-- Generated by org.testng.reporters.JUnitReportReporter -->
<testsuite hostname="a0b11a85-834b-45fe-a11c-a9019912d4a6-vaas-sdk-pod" failures="0" tests="1" name="com.ibm.cloud.secrets_manager_sdk_instance_management.secrets_manager_instance_management.v2.model.TokenTest" time="0.000" errors="0" timestamp="2026-06-11T09:19:48 UTC" skipped="0">
  <testcase classname="com.ibm.cloud.secrets_manager_sdk_instance_management.secrets_manager_instance_management.v2.model.TokenTest" name="testToken" time="0.000"/>
</testsuite> <!-- com.ibm.cloud.secrets_manager_sdk_instance_management.secrets_manager_instance_management.v2.model.TokenTest -->
