<?xml version="1.0" encoding="UTF-8"?>
<!-- Generated by org.testng.reporters.JUnitReportReporter -->
<testsuite hostname="6ced5d58-6f53-49de-b64f-165466855eed-vaas-sdk-pod" failures="0" tests="2" name="com.ibm.cloud.secrets_manager_sdk_instance_management.secrets_manager_instance_management.v2.model.DeleteInstanceAdmintokensOptionsTest" time="0.001" errors="0" timestamp="2026-06-11T10:16:45 UTC" skipped="0">
  <testcase classname="com.ibm.cloud.secrets_manager_sdk_instance_management.secrets_manager_instance_management.v2.model.DeleteInstanceAdmintokensOptionsTest" name="testDeleteInstanceAdmintokensOptions" time="0.001"/>
  <testcase classname="com.ibm.cloud.secrets_manager_sdk_instance_management.secrets_manager_instance_management.v2.model.DeleteInstanceAdmintokensOptionsTest" name="testDeleteInstanceAdmintokensOptionsError" time="0.000"/>
</testsuite> <!-- com.ibm.cloud.secrets_manager_sdk_instance_management.secrets_manager_instance_management.v2.model.DeleteInstanceAdmintokensOptionsTest -->
