<?xml version="1.0" encoding="UTF-8"?>
<!-- Generated by org.testng.reporters.JUnitReportReporter -->
<testsuite hostname="a0b11a85-834b-45fe-a11c-a9019912d4a6-vaas-sdk-pod" failures="0" tests="12" name="com.ibm.cloud.secrets_manager_sdk_instance_management.secrets_manager_instance_management.v2.SecretsManagerInstanceManagementTest" time="1.199" errors="0" timestamp="2026-06-11T09:19:48 UTC" skipped="0">
  <testcase classname="com.ibm.cloud.secrets_manager_sdk_instance_management.secrets_manager_instance_management.v2.SecretsManagerInstanceManagementTest" name="testDeleteInstanceAdmintokensWOptions" time="0.027"/>
  <testcase classname="com.ibm.cloud.secrets_manager_sdk_instance_management.secrets_manager_instance_management.v2.SecretsManagerInstanceManagementTest" name="testCreateVaultAdmintokenWRetries" time="0.623"/>
  <testcase classname="com.ibm.cloud.secrets_manager_sdk_instance_management.secrets_manager_instance_management.v2.SecretsManagerInstanceManagementTest" name="testConstructServiceURLwithDefaultValues" time="0.013"/>
  <testcase classname="com.ibm.cloud.secrets_manager_sdk_instance_management.secrets_manager_instance_management.v2.SecretsManagerInstanceManagementTest" name="testCreateVaultAdmintokenWOptions" time="0.338"/>
  <testcase classname="com.ibm.cloud.secrets_manager_sdk_instance_management.secrets_manager_instance_management.v2.SecretsManagerInstanceManagementTest" name="testGetInstanceWOptions" time="0.043"/>
  <testcase classname="com.ibm.cloud.secrets_manager_sdk_instance_management.secrets_manager_instance_management.v2.SecretsManagerInstanceManagementTest" name="testGetInstanceWRetries" time="0.070"/>
  <testcase classname="com.ibm.cloud.secrets_manager_sdk_instance_management.secrets_manager_instance_management.v2.SecretsManagerInstanceManagementTest" name="testConstructorWithNullAuthenticator" time="0.010"/>
  <testcase classname="com.ibm.cloud.secrets_manager_sdk_instance_management.secrets_manager_instance_management.v2.SecretsManagerInstanceManagementTest" name="testDeleteInstanceAdmintokensWRetries" time="0.031"/>
  <testcase classname="com.ibm.cloud.secrets_manager_sdk_instance_management.secrets_manager_instance_management.v2.SecretsManagerInstanceManagementTest" name="testDeleteInstanceAdmintokensNoOptions" time="0.008"/>
  <testcase classname="com.ibm.cloud.secrets_manager_sdk_instance_management.secrets_manager_instance_management.v2.SecretsManagerInstanceManagementTest" name="testCreateVaultAdmintokenNoOptions" time="0.015"/>
  <testcase classname="com.ibm.cloud.secrets_manager_sdk_instance_management.secrets_manager_instance_management.v2.SecretsManagerInstanceManagementTest" name="testGetInstanceNoOptions" time="0.008"/>
  <testcase classname="com.ibm.cloud.secrets_manager_sdk_instance_management.secrets_manager_instance_management.v2.SecretsManagerInstanceManagementTest" name="testConstructServiceURLWithInvalidVariable" time="0.013"/>
</testsuite> <!-- com.ibm.cloud.secrets_manager_sdk_instance_management.secrets_manager_instance_management.v2.SecretsManagerInstanceManagementTest -->
